c:\users\christoffer wardh\desktop\tgaa2d150316\temp\common utilities\private release\work.obj
c:\users\christoffer wardh\desktop\tgaa2d150316\source\vsoutput\common utilities_private release\common utilities_precompiledoutput.pch
c:\users\christoffer wardh\desktop\tgaa2d150316\temp\common utilities\private release\common utilities.pdb
c:\users\christoffer wardh\desktop\tgaa2d150316\temp\common utilities\private release\common utilities_precompiled.obj
c:\users\christoffer wardh\desktop\tgaa2d150316\temp\common utilities\private release\debuglines.obj
c:\users\christoffer wardh\desktop\tgaa2d150316\temp\common utilities\private release\dl_stackwalker.obj
c:\users\christoffer wardh\desktop\tgaa2d150316\temp\common utilities\private release\event.obj
c:\users\christoffer wardh\desktop\tgaa2d150316\temp\common utilities\private release\eventbuffer.obj
c:\users\christoffer wardh\desktop\tgaa2d150316\temp\common utilities\private release\file_watcher.obj
c:\users\christoffer wardh\desktop\tgaa2d150316\temp\common utilities\private release\mouseeventlog.obj
c:\users\christoffer wardh\desktop\tgaa2d150316\temp\common utilities\private release\navigationmesh.obj
c:\users\christoffer wardh\desktop\tgaa2d150316\temp\common utilities\private release\pathfinder.obj
c:\users\christoffer wardh\desktop\tgaa2d150316\temp\common utilities\private release\analoguelog.obj
c:\users\christoffer wardh\desktop\tgaa2d150316\temp\common utilities\private release\threadeventdata.obj
c:\users\christoffer wardh\desktop\tgaa2d150316\temp\common utilities\private release\charinput.obj
c:\users\christoffer wardh\desktop\tgaa2d150316\temp\common utilities\private release\dl_debug.obj
c:\users\christoffer wardh\desktop\tgaa2d150316\temp\common utilities\private release\id.obj
c:\users\christoffer wardh\desktop\tgaa2d150316\temp\common utilities\private release\idfactory.obj
c:\users\christoffer wardh\desktop\tgaa2d150316\temp\common utilities\private release\inputwrapper.obj
c:\users\christoffer wardh\desktop\tgaa2d150316\temp\common utilities\private release\navmeshvertex.obj
c:\users\christoffer wardh\desktop\tgaa2d150316\temp\common utilities\private release\node.obj
c:\users\christoffer wardh\desktop\tgaa2d150316\temp\common utilities\private release\rendercommandfont.obj
c:\users\christoffer wardh\desktop\tgaa2d150316\temp\common utilities\private release\rendercommandinstance.obj
c:\users\christoffer wardh\desktop\tgaa2d150316\temp\common utilities\private release\scenerendercommands.obj
c:\users\christoffer wardh\desktop\tgaa2d150316\temp\common utilities\private release\timer.obj
c:\users\christoffer wardh\desktop\tgaa2d150316\temp\common utilities\private release\tinyxml2.obj
c:\users\christoffer wardh\desktop\tgaa2d150316\temp\common utilities\private release\collidercircle.obj
c:\users\christoffer wardh\desktop\tgaa2d150316\temp\common utilities\private release\datafile.obj
c:\users\christoffer wardh\desktop\tgaa2d150316\temp\common utilities\private release\intersection.obj
c:\users\christoffer wardh\desktop\tgaa2d150316\temp\common utilities\private release\keyboardeventlog.obj
c:\users\christoffer wardh\desktop\tgaa2d150316\temp\common utilities\private release\memorystackwalker.obj
c:\users\christoffer wardh\desktop\tgaa2d150316\temp\common utilities\private release\memorywrapper.obj
c:\users\christoffer wardh\desktop\tgaa2d150316\temp\common utilities\private release\navmeshtriangle.obj
c:\users\christoffer wardh\desktop\tgaa2d150316\temp\common utilities\private release\observer.obj
c:\users\christoffer wardh\desktop\tgaa2d150316\temp\common utilities\private release\singlecontrollerlog.obj
c:\users\christoffer wardh\desktop\tgaa2d150316\temp\common utilities\private release\state.obj
c:\users\christoffer wardh\desktop\tgaa2d150316\temp\common utilities\private release\xboxcontroller.obj
c:\users\christoffer wardh\desktop\tgaa2d150316\temp\common utilities\private release\xboxcontrollerstate.obj
c:\users\christoffer wardh\desktop\tgaa2d150316\temp\common utilities\private release\collider.obj
c:\users\christoffer wardh\desktop\tgaa2d150316\temp\common utilities\private release\eventmanager.obj
c:\users\christoffer wardh\desktop\tgaa2d150316\temp\common utilities\private release\murmurhash3.obj
c:\users\christoffer wardh\desktop\tgaa2d150316\temp\common utilities\private release\navmeshedge.obj
c:\users\christoffer wardh\desktop\tgaa2d150316\temp\common utilities\private release\renderbuffer.obj
c:\users\christoffer wardh\desktop\tgaa2d150316\temp\common utilities\private release\rendercommandline.obj
c:\users\christoffer wardh\desktop\tgaa2d150316\temp\common utilities\private release\rendercommandsprite.obj
c:\users\christoffer wardh\desktop\tgaa2d150316\temp\common utilities\private release\resourceusage.obj
c:\users\christoffer wardh\desktop\tgaa2d150316\temp\common utilities\private release\stackwalker.obj
c:\users\christoffer wardh\desktop\tgaa2d150316\temp\common utilities\private release\statestack.obj
c:\users\christoffer wardh\desktop\tgaa2d150316\temp\common utilities\private release\cu_time.obj
c:\users\christoffer wardh\desktop\tgaa2d150316\temp\common utilities\private release\tilecomparer.obj
c:\users\christoffer wardh\desktop\tgaa2d150316\temp\common utilities\private release\timermanager.obj
c:\users\christoffer wardh\desktop\tgaa2d150316\temp\common utilities\private release\xmlreader.obj
c:\users\christoffer wardh\desktop\tgaa2d150316\temp\common utilities\private release\xmlwriter.obj
c:\users\christoffer wardh\desktop\tgaa2d150316\lib\common utilities_private release.lib
c:\users\christoffer wardh\desktop\tgaa2d150316\temp\common utilities\private release\vc120.pdb
c:\users\christoffer wardh\desktop\tgaa2d150316\source\..\lib\common utilities_private release.lib
c:\users\christoffer wardh\desktop\tgaa2d150316\temp\common utilities\private release\common utilities.tlog\cl.command.1.tlog
c:\users\christoffer wardh\desktop\tgaa2d150316\temp\common utilities\private release\common utilities.tlog\cl.read.1.tlog
c:\users\christoffer wardh\desktop\tgaa2d150316\temp\common utilities\private release\common utilities.tlog\cl.write.1.tlog
c:\users\christoffer wardh\desktop\tgaa2d150316\temp\common utilities\private release\common utilities.tlog\lib-link.read.1.tlog
c:\users\christoffer wardh\desktop\tgaa2d150316\temp\common utilities\private release\common utilities.tlog\lib-link.write.1.tlog
c:\users\christoffer wardh\desktop\tgaa2d150316\temp\common utilities\private release\common utilities.tlog\lib.command.1.tlog
