c:\users\christoffer wardh\desktop\tgaa2d150316\temp\dx2dengine\debug\dx2dengine_debug.pch
c:\users\christoffer wardh\desktop\tgaa2d150316\temp\dx2dengine\debug\dx2dengine.pdb
c:\users\christoffer wardh\desktop\tgaa2d150316\temp\dx2dengine\debug\dx2dengine.idb
c:\users\christoffer wardh\desktop\tgaa2d150316\temp\dx2dengine\debug\stdafx.obj
c:\users\christoffer wardh\desktop\tgaa2d150316\temp\dx2dengine\debug\render_object.obj
c:\users\christoffer wardh\desktop\tgaa2d150316\temp\dx2dengine\debug\shader.obj
c:\users\christoffer wardh\desktop\tgaa2d150316\temp\dx2dengine\debug\shader_distance_field_instanced.obj
c:\users\christoffer wardh\desktop\tgaa2d150316\temp\dx2dengine\debug\shader_normal.obj
c:\users\christoffer wardh\desktop\tgaa2d150316\temp\dx2dengine\debug\shader_normal_instanced.obj
c:\users\christoffer wardh\desktop\tgaa2d150316\temp\dx2dengine\debug\sprite.obj
c:\users\christoffer wardh\desktop\tgaa2d150316\temp\dx2dengine\debug\sprite_batch.obj
c:\users\christoffer wardh\desktop\tgaa2d150316\temp\dx2dengine\debug\textured_quad.obj
c:\users\christoffer wardh\desktop\tgaa2d150316\temp\dx2dengine\debug\textured_quad_batch.obj
c:\users\christoffer wardh\desktop\tgaa2d150316\temp\dx2dengine\debug\texture.obj
c:\users\christoffer wardh\desktop\tgaa2d150316\temp\dx2dengine\debug\texture_manager.obj
c:\users\christoffer wardh\desktop\tgaa2d150316\temp\dx2dengine\debug\fontfile.obj
c:\users\christoffer wardh\desktop\tgaa2d150316\temp\dx2dengine\debug\parser.obj
c:\users\christoffer wardh\desktop\tgaa2d150316\temp\dx2dengine\debug\text.obj
c:\users\christoffer wardh\desktop\tgaa2d150316\temp\dx2dengine\debug\textfile.obj
c:\users\christoffer wardh\desktop\tgaa2d150316\temp\dx2dengine\debug\text_service.obj
c:\users\christoffer wardh\desktop\tgaa2d150316\temp\dx2dengine\debug\token.obj
c:\users\christoffer wardh\desktop\tgaa2d150316\temp\dx2dengine\debug\video.obj
c:\users\christoffer wardh\desktop\tgaa2d150316\temp\dx2dengine\debug\video_instance.obj
c:\users\christoffer wardh\desktop\tgaa2d150316\temp\dx2dengine\debug\windows_window.obj
c:\users\christoffer wardh\desktop\tgaa2d150316\temp\dx2dengine\debug\ddstextureloader.obj
c:\users\christoffer wardh\desktop\tgaa2d150316\temp\dx2dengine\debug\screengrab.obj
c:\users\christoffer wardh\desktop\tgaa2d150316\temp\dx2dengine\debug\wictextureloader.obj
c:\users\christoffer wardh\desktop\tgaa2d150316\temp\dx2dengine\debug\direct_3d.obj
c:\users\christoffer wardh\desktop\tgaa2d150316\temp\dx2dengine\debug\custom_shape_drawer.obj
c:\users\christoffer wardh\desktop\tgaa2d150316\temp\dx2dengine\debug\debug_drawer.obj
c:\users\christoffer wardh\desktop\tgaa2d150316\temp\dx2dengine\debug\debug_performancegraph.obj
c:\users\christoffer wardh\desktop\tgaa2d150316\temp\dx2dengine\debug\line_drawer.obj
c:\users\christoffer wardh\desktop\tgaa2d150316\temp\dx2dengine\debug\textured_quad_batch_drawer.obj
c:\users\christoffer wardh\desktop\tgaa2d150316\temp\dx2dengine\debug\textured_quad_drawer.obj
c:\users\christoffer wardh\desktop\tgaa2d150316\temp\dx2dengine\debug\error_manager.obj
c:\users\christoffer wardh\desktop\tgaa2d150316\temp\dx2dengine\debug\file_watcher.obj
c:\users\christoffer wardh\desktop\tgaa2d150316\temp\dx2dengine\debug\light.obj
c:\users\christoffer wardh\desktop\tgaa2d150316\temp\dx2dengine\debug\light_manager.obj
c:\users\christoffer wardh\desktop\tgaa2d150316\temp\dx2dengine\debug\common_math.obj
c:\users\christoffer wardh\desktop\tgaa2d150316\temp\dx2dengine\debug\perlin_noise.obj
c:\users\christoffer wardh\desktop\tgaa2d150316\temp\dx2dengine\debug\custom_shape.obj
c:\users\christoffer wardh\desktop\tgaa2d150316\temp\dx2dengine\debug\line_primitive.obj
c:\users\christoffer wardh\desktop\tgaa2d150316\temp\dx2dengine\debug\renderer.obj
c:\users\christoffer wardh\desktop\tgaa2d150316\temp\dx2dengine\debug\engine.obj
c:\users\christoffer wardh\desktop\tgaa2d150316\lib\dx2dengine_debug.lib
c:\users\christoffer wardh\desktop\tgaa2d150316\temp\dx2dengine\debug\dx2dengine.res
c:\users\christoffer wardh\desktop\tgaa2d150316\source\..\lib\dx2dengine_debug.lib
c:\users\christoffer wardh\desktop\tgaa2d150316\temp\dx2dengine\debug\dx2dengine.tlog\cl.command.1.tlog
c:\users\christoffer wardh\desktop\tgaa2d150316\temp\dx2dengine\debug\dx2dengine.tlog\cl.read.1.tlog
c:\users\christoffer wardh\desktop\tgaa2d150316\temp\dx2dengine\debug\dx2dengine.tlog\cl.write.1.tlog
c:\users\christoffer wardh\desktop\tgaa2d150316\temp\dx2dengine\debug\dx2dengine.tlog\lib-link-cvtres.read.1.tlog
c:\users\christoffer wardh\desktop\tgaa2d150316\temp\dx2dengine\debug\dx2dengine.tlog\lib-link-cvtres.write.1.tlog
c:\users\christoffer wardh\desktop\tgaa2d150316\temp\dx2dengine\debug\dx2dengine.tlog\lib.command.1.tlog
c:\users\christoffer wardh\desktop\tgaa2d150316\temp\dx2dengine\debug\dx2dengine.tlog\rc.command.1.tlog
c:\users\christoffer wardh\desktop\tgaa2d150316\temp\dx2dengine\debug\dx2dengine.tlog\rc.read.1.tlog
c:\users\christoffer wardh\desktop\tgaa2d150316\temp\dx2dengine\debug\dx2dengine.tlog\rc.write.1.tlog
