c:\users\christoffer wardh\desktop\tgaa2d150316\temp\dx2dengine\release\dx2dengine_release.pch
c:\users\christoffer wardh\desktop\tgaa2d150316\temp\dx2dengine\release\dx2dengine.pdb
c:\users\christoffer wardh\desktop\tgaa2d150316\temp\dx2dengine\release\stdafx.obj
c:\users\christoffer wardh\desktop\tgaa2d150316\temp\dx2dengine\release\wictextureloader.obj
c:\users\christoffer wardh\desktop\tgaa2d150316\temp\dx2dengine\release\file_watcher.obj
c:\users\christoffer wardh\desktop\tgaa2d150316\temp\dx2dengine\release\textured_quad.obj
c:\users\christoffer wardh\desktop\tgaa2d150316\temp\dx2dengine\release\texture.obj
c:\users\christoffer wardh\desktop\tgaa2d150316\temp\dx2dengine\release\parser.obj
c:\users\christoffer wardh\desktop\tgaa2d150316\temp\dx2dengine\release\textfile.obj
c:\users\christoffer wardh\desktop\tgaa2d150316\temp\dx2dengine\release\token.obj
c:\users\christoffer wardh\desktop\tgaa2d150316\temp\dx2dengine\release\video.obj
c:\users\christoffer wardh\desktop\tgaa2d150316\temp\dx2dengine\release\ddstextureloader.obj
c:\users\christoffer wardh\desktop\tgaa2d150316\temp\dx2dengine\release\custom_shape_drawer.obj
c:\users\christoffer wardh\desktop\tgaa2d150316\temp\dx2dengine\release\debug_drawer.obj
c:\users\christoffer wardh\desktop\tgaa2d150316\temp\dx2dengine\release\line_drawer.obj
c:\users\christoffer wardh\desktop\tgaa2d150316\temp\dx2dengine\release\textured_quad_drawer.obj
c:\users\christoffer wardh\desktop\tgaa2d150316\temp\dx2dengine\release\engine.obj
c:\users\christoffer wardh\desktop\tgaa2d150316\temp\dx2dengine\release\line_primitive.obj
c:\users\christoffer wardh\desktop\tgaa2d150316\temp\dx2dengine\release\render_object.obj
c:\users\christoffer wardh\desktop\tgaa2d150316\temp\dx2dengine\release\shader_distance_field_instanced.obj
c:\users\christoffer wardh\desktop\tgaa2d150316\temp\dx2dengine\release\shader_normal_instanced.obj
c:\users\christoffer wardh\desktop\tgaa2d150316\temp\dx2dengine\release\textured_quad_batch.obj
c:\users\christoffer wardh\desktop\tgaa2d150316\temp\dx2dengine\release\texture_manager.obj
c:\users\christoffer wardh\desktop\tgaa2d150316\temp\dx2dengine\release\screengrab.obj
c:\users\christoffer wardh\desktop\tgaa2d150316\temp\dx2dengine\release\debug_performancegraph.obj
c:\users\christoffer wardh\desktop\tgaa2d150316\temp\dx2dengine\release\textured_quad_batch_drawer.obj
c:\users\christoffer wardh\desktop\tgaa2d150316\temp\dx2dengine\release\error_manager.obj
c:\users\christoffer wardh\desktop\tgaa2d150316\temp\dx2dengine\release\light.obj
c:\users\christoffer wardh\desktop\tgaa2d150316\temp\dx2dengine\release\common_math.obj
c:\users\christoffer wardh\desktop\tgaa2d150316\temp\dx2dengine\release\custom_shape.obj
c:\users\christoffer wardh\desktop\tgaa2d150316\temp\dx2dengine\release\renderer.obj
c:\users\christoffer wardh\desktop\tgaa2d150316\temp\dx2dengine\release\shader_normal.obj
c:\users\christoffer wardh\desktop\tgaa2d150316\temp\dx2dengine\release\sprite.obj
c:\users\christoffer wardh\desktop\tgaa2d150316\temp\dx2dengine\release\sprite_batch.obj
c:\users\christoffer wardh\desktop\tgaa2d150316\temp\dx2dengine\release\fontfile.obj
c:\users\christoffer wardh\desktop\tgaa2d150316\temp\dx2dengine\release\text_service.obj
c:\users\christoffer wardh\desktop\tgaa2d150316\temp\dx2dengine\release\windows_window.obj
c:\users\christoffer wardh\desktop\tgaa2d150316\temp\dx2dengine\release\direct_3d.obj
c:\users\christoffer wardh\desktop\tgaa2d150316\temp\dx2dengine\release\light_manager.obj
c:\users\christoffer wardh\desktop\tgaa2d150316\temp\dx2dengine\release\perlin_noise.obj
c:\users\christoffer wardh\desktop\tgaa2d150316\temp\dx2dengine\release\shader.obj
c:\users\christoffer wardh\desktop\tgaa2d150316\temp\dx2dengine\release\text.obj
c:\users\christoffer wardh\desktop\tgaa2d150316\temp\dx2dengine\release\video_instance.obj
c:\users\christoffer wardh\desktop\tgaa2d150316\lib\dx2dengine_release.lib
c:\users\christoffer wardh\desktop\tgaa2d150316\temp\dx2dengine\release\dx2dengine.res
c:\users\christoffer wardh\desktop\tgaa2d150316\source\..\lib\dx2dengine_release.lib
c:\users\christoffer wardh\desktop\tgaa2d150316\temp\dx2dengine\release\dx2dengine.tlog\cl.command.1.tlog
c:\users\christoffer wardh\desktop\tgaa2d150316\temp\dx2dengine\release\dx2dengine.tlog\cl.read.1.tlog
c:\users\christoffer wardh\desktop\tgaa2d150316\temp\dx2dengine\release\dx2dengine.tlog\cl.write.1.tlog
c:\users\christoffer wardh\desktop\tgaa2d150316\temp\dx2dengine\release\dx2dengine.tlog\lib-link-cvtres.read.1.tlog
c:\users\christoffer wardh\desktop\tgaa2d150316\temp\dx2dengine\release\dx2dengine.tlog\lib-link-cvtres.write.1.tlog
c:\users\christoffer wardh\desktop\tgaa2d150316\temp\dx2dengine\release\dx2dengine.tlog\lib.command.1.tlog
c:\users\christoffer wardh\desktop\tgaa2d150316\temp\dx2dengine\release\dx2dengine.tlog\rc.command.1.tlog
c:\users\christoffer wardh\desktop\tgaa2d150316\temp\dx2dengine\release\dx2dengine.tlog\rc.read.1.tlog
c:\users\christoffer wardh\desktop\tgaa2d150316\temp\dx2dengine\release\dx2dengine.tlog\rc.write.1.tlog
