  stdafx.cpp
  DDSTextureLoader.cpp
  ScreenGrab.cpp
  WICTextureLoader.cpp
  direct_3d.cpp
  custom_shape_drawer.cpp
  debug_drawer.cpp
  debug_performancegraph.cpp
  line_drawer.cpp
  textured_quad_batch_drawer.cpp
  textured_quad_drawer.cpp
  engine.cpp
  error_manager.cpp
  file_watcher.cpp
source\d3d\direct_3d.cpp(146): warning C4456: declaration of 'i' hides previous local declaration
  source\d3d\direct_3d.cpp(100): note: see declaration of 'i'
  light.cpp
source\d3d\direct_3d.cpp(578): warning C4456: declaration of 'errorMessage' hides previous local declaration
  source\d3d\direct_3d.cpp(562): note: see declaration of 'errorMessage'
  light_manager.cpp
  common_math.cpp
  perlin_noise.cpp
  custom_shape.cpp
  line_primitive.cpp
  render_object.cpp
  renderer.cpp
  shader.cpp
  shader_distance_field_instanced.cpp
  shader_normal.cpp
  shader_normal_instanced.cpp
  sprite.cpp
  sprite_batch.cpp
  textured_quad.cpp
  textured_quad_batch.cpp
  fontfile.cpp
  parser.cpp
  text.cpp
  text_service.cpp
  textfile.cpp
  token.cpp
  texture.cpp
  texture_manager.cpp
  video.cpp
  video_instance.cpp
  windows_window.cpp
source\windows\windows_window.cpp(37): warning C4838: conversion from 'unsigned int' to 'LONG' requires a narrowing conversion
c:\program files\windows kits\8.1\include\um\GdiplusHeaders.h(695): warning C4458: declaration of 'nativeCap' hides class member (compiling source file source\texture\texture_manager.cpp)
  c:\program files\windows kits\8.1\include\um\GdiplusHeaders.h(710): note: see declaration of 'Gdiplus::CustomLineCap::nativeCap' (compiling source file source\texture\texture_manager.cpp)
c:\program files\windows kits\8.1\include\um\GdiplusImageAttributes.h(364): warning C4458: declaration of 'nativeImageAttr' hides class member (compiling source file source\texture\texture_manager.cpp)
  c:\program files\windows kits\8.1\include\um\GdiplusImageAttributes.h(378): note: see declaration of 'Gdiplus::ImageAttributes::nativeImageAttr' (compiling source file source\texture\texture_manager.cpp)
c:\program files\windows kits\8.1\include\um\GdiplusMatrix.h(296): warning C4458: declaration of 'nativeMatrix' hides class member (compiling source file source\texture\texture_manager.cpp)
  c:\program files\windows kits\8.1\include\um\GdiplusMatrix.h(310): note: see declaration of 'Gdiplus::Matrix::nativeMatrix' (compiling source file source\texture\texture_manager.cpp)
c:\program files\windows kits\8.1\include\um\GdiplusBrush.h(91): warning C4458: declaration of 'nativeBrush' hides class member (compiling source file source\texture\texture_manager.cpp)
  c:\program files\windows kits\8.1\include\um\GdiplusBrush.h(104): note: see declaration of 'Gdiplus::Brush::nativeBrush' (compiling source file source\texture\texture_manager.cpp)
c:\program files\windows kits\8.1\include\um\GdiplusPen.h(462): warning C4458: declaration of 'nativePen' hides class member (compiling source file source\texture\texture_manager.cpp)
  c:\program files\windows kits\8.1\include\um\GdiplusPen.h(476): note: see declaration of 'Gdiplus::Pen::nativePen' (compiling source file source\texture\texture_manager.cpp)
c:\program files\windows kits\8.1\include\um\GdiplusPath.h(884): warning C4458: declaration of 'nativePath' hides class member (compiling source file source\texture\texture_manager.cpp)
  c:\program files\windows kits\8.1\include\um\GdiplusPath.h(898): note: see declaration of 'Gdiplus::GraphicsPath::nativePath' (compiling source file source\texture\texture_manager.cpp)
c:\program files\windows kits\8.1\include\um\GdiplusPath.h(1071): warning C4458: declaration of 'nativeIterator' hides class member (compiling source file source\texture\texture_manager.cpp)
  c:\program files\windows kits\8.1\include\um\GdiplusPath.h(1085): note: see declaration of 'Gdiplus::GraphicsPathIterator::nativeIterator' (compiling source file source\texture\texture_manager.cpp)
c:\program files\windows kits\8.1\include\um\GdiplusRegion.h(506): warning C4458: declaration of 'nativeRegion' hides class member (compiling source file source\texture\texture_manager.cpp)
  c:\program files\windows kits\8.1\include\um\GdiplusHeaders.h(171): note: see declaration of 'Gdiplus::Region::nativeRegion' (compiling source file source\texture\texture_manager.cpp)
source\video\video_instance.cpp(80): warning C4458: declaration of 'hr' hides class member
  C:\Users\Christoffer Wardh\Desktop\TGAA2D150316\Source\DX2DEngine\tga2d\video/video_instance.h(47): note: see declaration of 'DX2D::CVideoInstance::hr' (compiling source file source\video\video_instance.cpp)
source\video\video_instance.cpp(353): warning C4456: declaration of 'pValue' hides previous local declaration
  source\video\video_instance.cpp(318): note: see declaration of 'pValue'
c:\program files\windows kits\8.1\include\um\GdiplusBitmap.h(536): warning C4458: declaration of 'nativeImage' hides class member (compiling source file source\texture\texture_manager.cpp)
  c:\program files\windows kits\8.1\include\um\GdiplusHeaders.h(492): note: see declaration of 'Gdiplus::Image::nativeImage' (compiling source file source\texture\texture_manager.cpp)
  DX2DEngine.vcxproj -> C:\Users\Christoffer Wardh\Desktop\TGAA2D150316\Source\..\Lib\DX2DEngine_Release.lib
