  Common Utilities_Precompiled.cpp
  CharInput.cpp
  Collider.cpp
  ColliderCircle.cpp
  DebugLines.cpp
  DL_Debug.cpp
  DL_StackWalker.cpp
  Event.cpp
  EventBuffer.cpp
  EventManager.cpp
  DataFile.cpp
  file_watcher.cpp
  ID.cpp
  IDFactory.cpp
  InputWrapper.cpp
  Intersection.cpp
  KeyboardEventLog.cpp
  MemoryStackWalker.cpp
  MemoryWrapper.cpp
  MouseEventLog.cpp
  MurmurHash3.cpp
  NavigationMesh.cpp
  NavMeshEdge.cpp
  NavMeshTriangle.cpp
  NavMeshVertex.cpp
  Node.cpp
  Observer.cpp
  Pathfinder.cpp
  RenderBuffer.cpp
  RenderCommandFont.cpp
  RenderCommandInstance.cpp
  RenderCommandLine.cpp
  SceneRenderCommands.cpp
  RenderCommandSprite.cpp
  ResourceUsage.cpp
  SingleControllerLog.cpp
  StackWalker.cpp
  AnalogueLog.cpp
  State.cpp
  StateStack.cpp
  ThreadEventData.cpp
  ThreadPool.cpp
  CU_Time.cpp
  TileComparer.cpp
  Timer.cpp
  TimerManager.cpp
  tinyxml2.cpp
  Work.cpp
  Worker.cpp
  XboxController.cpp
  XboxControllerState.cpp
  XMLReader.cpp
  XMLWriter.cpp
  Common Utilities.vcxproj -> C:\Users\Christoffer Wardh\Desktop\TGAA2D150316\Source\\VSOutput\Libraries\Private Release\Common Utilities_Private Release.lib
